<?xml version="1.0" encoding="UTF-8"?>
<!-- Generated by org.testng.reporters.JUnitReportReporter -->
<testsuite skipped="0" hostname="omni-H310M-H" name="com.testng.MailTest" tests="3" failures="0" timestamp="19 Jun 2019 12:06:47 GMT" time="7.252" errors="0">
  <testcase name="googleSearch" time="3.782" classname="com.testng.MailTest"/>
  <testcase name="loginGmail" time="2.990" classname="com.testng.MailTest"/>
  <testcase name="getTitle" time="0.480" classname="com.testng.MailTest"/>
</testsuite> <!-- com.testng.MailTest -->
