<?xml version="1.0" encoding="UTF-8"?>
<!-- Generated by org.testng.reporters.JUnitReportReporter -->
<testsuite skipped="0" hostname="omni-H310M-H" name="com.testng.TestNG" tests="1" failures="0" timestamp="19 Jun 2019 10:53:33 GMT" time="0.003" errors="0">
  <testcase name="googleTitle" time="0.003" classname="com.testng.TestNG"/>
</testsuite> <!-- com.testng.TestNG -->
